2017-04-18 00:01:56.499 [error] <0.128.0> Unable to read boot script (start_sasl.script): {error,enoent}
2017-04-18 00:01:56.965 [error] <0.292.0>@z_filewatcher_sup:which_watcher:58 FILEWATCHER: please install fswatch or inotify-tools to automatically load changed files
2017-04-18 00:02:38.764 [error] <0.128.0> Unable to read boot script (start_sasl.script): {error,enoent}
2017-04-18 00:02:39.240 [error] <0.292.0>@z_filewatcher_sup:which_watcher:58 FILEWATCHER: please install fswatch or inotify-tools to automatically load changed files
2017-04-18 00:03:52.820 [error] <0.128.0> Unable to read boot script (start_sasl.script): {error,enoent}
2017-04-18 00:03:53.355 [error] <0.292.0>@z_filewatcher_sup:which_watcher:58 FILEWATCHER: please install fswatch or inotify-tools to automatically load changed files
2017-04-18 00:13:41.222 [error] <0.128.0> Unable to read boot script (start_sasl.script): {error,enoent}
2017-04-18 00:13:41.667 [error] <0.292.0>@z_filewatcher_sup:which_watcher:58 FILEWATCHER: please install fswatch or inotify-tools to automatically load changed files
2017-04-18 00:13:47.380 [error] <0.323.0> webmachine_mochiweb:119 stop_request 500 (reason {function_clause,[{filter_stringify,stringify_1,[{error,"Num of Params not same"},{context,volunteer,{wm_reqdata,#Port<0.22876>,{dict,4,16,16,8,80,48,{[],[],[],[],[],[],[],[],[],[],[],[],[],[],[],[]},{{[],[],[],[[ua_class|desktop],[ua_props,{is_user_select,true},{has_pointer,true},{is_desktop,true},{is_crawler,false},{is_wireless_device,false},{is_tablet,false},{ajax_support_javascript,true},{device_os,<<"-">>},{displayWidth,1366},{displayHeight,768},{inputDevices,<<"-">>},{parentId,<<"generic-">>},{model,<<"browser">>},{vendor,<<"desktop">>},{id,<<"desktopDevice">>}]],[[zotonic_host|volunteer]],[[controller_module|controller_page]],[],[],[],[],[],[],[],[],[],[]}}},undefined,"127.0.0.1",undefined,{wm_log_data,144935094,undefined,{1492,449227,135620},'GET',{10,{"host",{'Host',"volunteer.dev:8000"},{"accept",{'Accept',"text/html,application/xhtml+xml,application/xml;q=0.9,*/*;q=0.8"},nil,{"accept-language",{'Accept-Language',"en-US,en;q=0.5"},{"accept-encoding",{'Accept-Encoding',"gzip, deflate"},nil,nil},{"cookie",{'Cookie',"z_ua=c%3Ddesktop%26u%3D1%26t%3D1%26w%3D1366%26h%3D768; z_sid=PRiHbrAaJveVZsgzo8iQGHfZMDr8f5Oj"},{"connection",{'Connection',"keep-alive"},{"cache-control",{'Cache-Control',"no-cache"},nil,nil},nil},nil}}},{"user-agent",{'User-Agent',"Mozilla/5.0 (X11; Ubuntu; Linux x86_64; rv:52.0) Gecko/20100101 Firefox/52.0"},{"upgrade-insecure-requests",{"Upgrade-Insecure-Requests","1"},{"pragma",{'Pragma',"no-cache"},nil,nil},nil},nil}}},"127.0.0.1","/en/page/340/test-donasi1",{1,1},404,0,undefined,undefined,undefined},'GET',http,{1,1},"/en/page/340/test-donasi1","/en/page/340/test-donasi1","/en/page/340/test-donasi1",{dict,6,16,16,8,80,48,{[],[],[],[],[],[],[],[],[],[],[],[],[],[],[],[]},{{[],[],[],[],[[zotonic_host|volunteer],[id,51,52,48]],[[z_language,101,110]],[],[[slug,116,101,115,116,45,100,111,110,97,115,105,49]],[[zotonic_dispatch|page],[zotonic_dispatch_path,"page","340","test-donasi1"]],[],[],[],[],[],[],[]}}},["page","340","test-donasi1"],".",500,1073741824,[{"z_ua","c%3Ddesktop%26u%3D1%26t%3D1%26w%3D1366%26h%3D768"},{"z_sid","PRiHbrAaJveVZsgzo8iQGHfZMDr8f5Oj"}],[],[{"accept","text/html,application/xhtml+xml,application/xml;q=0.9,*/*;q=0.8"},{"accept-encoding","gzip, deflate"},{"accept-language","en-US,en;q=0.5"},{"cache-control","no-cache"},{"connection","keep-alive"},{"cookie","z_ua=c%3Ddesktop%26u%3D1%26t%3D1%26w%3D1366%26h%3D768; z_sid=PRiHbrAaJveVZsgzo8iQGHfZMDr8f5Oj"},{"host","volunteer.dev:8000"},{"pragma","no-cache"},{"upgrade-insecure-requests","1"},{"user-agent","Mozilla/5.0 (X11; Ubuntu; Linux x86_64; rv:52.0) Gecko/20100101 Firefox/52.0"}],not_fetched_yet,false,{4,{"cache-control",{"Cache-Control","no-store, no-cache, must-revalidate, post-check=0, pre-check=0"},nil,{"expires",{"Expires","Wed, 10 Dec 2008 08:30:00 GMT"},{"content-type",{"Content-Type","text/html; charset=utf-8"},nil,nil},{"p3p",{"P3P","CP=\"NOI ADM DEV PSAi COM NAV OUR OTRo STP IND DEM\""},nil,nil}}}},"identity",undefined,"text/html","utf-8",<<>>,true,[],none,[{last_modified,undefined},{generate_etag,undefined},{content_encodings_provided,["identity"]},{charsets_provided,[{"utf-8",#Fun<controller_page.0.16661782>}]},{content_types_provided,[{"text/html",to_html}]}]},controller_page,<0.702.0>,<<"PRiHbrAaJveVZsgzo8iQGHfZMDr8f5Oj">>,<0.715.0>,<<"ObhUq4NxfYFeUXydElRz">>,undefined,'z_depcache$volunteer','z_notifier$volunteer','z_session_manager$volunteer','z_dispatcher$volunteer','z_template$volunteer','z_scomp$volunteer','z_dropbox$volunteer','z_pivot_rsc$volunteer','z_module_indexer$volunteer',151655,undefined,{'z_db_pool$volunteer',z_db_pgsql},[en],<<"UTC">>,undefined,undefined,[],[],[],[],[],[],[],[{q,[{"id","340"},{"zotonic_host","volunteer"},{"z_language","en"},{"slug","test-donasi1"},{"zotonic_dispatch_path",["page","340","test-donasi1"]},{"zotonic_dispatch","page"}]},{template,{cat,"page.tpl"}},{zotonic_dispatch,page}]}],[{file,"modules/mod_base/filters/filter_stringify.erl"},{line,36}]},{filter_stringify,'-stringify_1/2-lc$^0/1-0-',2,[{file,...},...]},...]})
2017-04-18 00:13:49.394 [error] <0.323.0> webmachine_mochiweb:119 stop_request 500 (reason {function_clause,[{filter_stringify,stringify_1,[{error,"Num of Params not same"},{context,volunteer,{wm_reqdata,#Port<0.22876>,{dict,4,16,16,8,80,48,{[],[],[],[],[],[],[],[],[],[],[],[],[],[],[],[]},{{[],[],[],[[ua_class|desktop],[ua_props,{is_user_select,true},{has_pointer,true},{is_desktop,true},{is_crawler,false},{is_wireless_device,false},{is_tablet,false},{ajax_support_javascript,true},{device_os,<<"-">>},{displayWidth,1366},{displayHeight,768},{inputDevices,<<"-">>},{parentId,<<"generic-">>},{model,<<"browser">>},{vendor,<<"desktop">>},{id,<<"desktopDevice">>}]],[[zotonic_host|volunteer]],[[controller_module|controller_page]],[],[],[],[],[],[],[],[],[],[]}}},undefined,"127.0.0.1",undefined,{wm_log_data,1046131288,undefined,{1492,449229,390724},'GET',{9,{"host",{'Host',"volunteer.dev:8000"},{"accept",{'Accept',"text/html,application/xhtml+xml,application/xml;q=0.9,*/*;q=0.8"},nil,{"accept-language",{'Accept-Language',"en-US,en;q=0.5"},{"accept-encoding",{'Accept-Encoding',"gzip, deflate"},nil,nil},{"cookie",{'Cookie',"z_ua=c%3Ddesktop%26u%3D1%26t%3D1%26w%3D1366%26h%3D768; z_sid=PRiHbrAaJveVZsgzo8iQGHfZMDr8f5Oj"},{"connection",{'Connection',"keep-alive"},{"cache-control",{'Cache-Control',"max-age=0"},nil,nil},nil},nil}}},{"user-agent",{'User-Agent',"Mozilla/5.0 (X11; Ubuntu; Linux x86_64; rv:52.0) Gecko/20100101 Firefox/52.0"},{"upgrade-insecure-requests",{"Upgrade-Insecure-Requests","1"},nil,nil},nil}}},"127.0.0.1","/en/page/340/test-donasi1",{1,1},404,0,undefined,undefined,undefined},'GET',http,{1,1},"/en/page/340/test-donasi1","/en/page/340/test-donasi1","/en/page/340/test-donasi1",{dict,6,16,16,8,80,48,{[],[],[],[],[],[],[],[],[],[],[],[],[],[],[],[]},{{[],[],[],[],[[zotonic_host|volunteer],[id,51,52,48]],[[z_language,101,110]],[],[[slug,116,101,115,116,45,100,111,110,97,115,105,49]],[[zotonic_dispatch|page],[zotonic_dispatch_path,"page","340","test-donasi1"]],[],[],[],[],[],[],[]}}},["page","340","test-donasi1"],".",500,1073741824,[{"z_ua","c%3Ddesktop%26u%3D1%26t%3D1%26w%3D1366%26h%3D768"},{"z_sid","PRiHbrAaJveVZsgzo8iQGHfZMDr8f5Oj"}],[],[{"accept","text/html,application/xhtml+xml,application/xml;q=0.9,*/*;q=0.8"},{"accept-encoding","gzip, deflate"},{"accept-language","en-US,en;q=0.5"},{"cache-control","max-age=0"},{"connection","keep-alive"},{"cookie","z_ua=c%3Ddesktop%26u%3D1%26t%3D1%26w%3D1366%26h%3D768; z_sid=PRiHbrAaJveVZsgzo8iQGHfZMDr8f5Oj"},{"host","volunteer.dev:8000"},{"upgrade-insecure-requests","1"},{"user-agent","Mozilla/5.0 (X11; Ubuntu; Linux x86_64; rv:52.0) Gecko/20100101 Firefox/52.0"}],not_fetched_yet,false,{4,{"cache-control",{"Cache-Control","no-store, no-cache, must-revalidate, post-check=0, pre-check=0"},nil,{"expires",{"Expires","Wed, 10 Dec 2008 08:30:00 GMT"},{"content-type",{"Content-Type","text/html; charset=utf-8"},nil,nil},{"p3p",{"P3P","CP=\"NOI ADM DEV PSAi COM NAV OUR OTRo STP IND DEM\""},nil,nil}}}},"identity",undefined,"text/html","utf-8",<<>>,true,[],none,[{last_modified,undefined},{generate_etag,undefined},{content_encodings_provided,["identity"]},{charsets_provided,[{"utf-8",#Fun<controller_page.0.16661782>}]},{content_types_provided,[{"text/html",to_html}]}]},controller_page,<0.702.0>,<<"PRiHbrAaJveVZsgzo8iQGHfZMDr8f5Oj">>,<0.735.0>,<<"g97Kk1Os600Kk0ccq6Q3">>,undefined,'z_depcache$volunteer','z_notifier$volunteer','z_session_manager$volunteer','z_dispatcher$volunteer','z_template$volunteer','z_scomp$volunteer','z_dropbox$volunteer','z_pivot_rsc$volunteer','z_module_indexer$volunteer',151655,undefined,{'z_db_pool$volunteer',z_db_pgsql},[en],<<"UTC">>,undefined,undefined,[],[],[],[],[],[],[],[{q,[{"id","340"},{"zotonic_host","volunteer"},{"z_language","en"},{"slug","test-donasi1"},{"zotonic_dispatch_path",["page","340","test-donasi1"]},{"zotonic_dispatch","page"}]},{template,{cat,"page.tpl"}},{zotonic_dispatch,page}]}],[{file,"modules/mod_base/filters/filter_stringify.erl"},{line,36}]},{filter_stringify,'-stringify_1/2-lc$^0/1-0-',2,[{file,"modules/mod_base/filters/filter_stringify.erl"},{line,51}]},...]})
2017-05-08 09:24:17.377 [error] <0.128.0> Unable to read boot script (start_sasl.script): {error,enoent}
2017-05-08 09:24:19.100 [error] <0.292.0>@z_filewatcher_sup:which_watcher:58 FILEWATCHER: please install fswatch or inotify-tools to automatically load changed files
2017-05-08 09:27:04.678 [error] volunteer <0.948.0>@z_template:render1:126 Error compiling template: /home/andri/skripsi/zotonic/user/sites/volunteer/templates/page.tpl:1 (935) syntax error before: "{"
2017-05-08 12:50:51.817 [error] <0.128.0> Unable to read boot script (start_sasl.script): {error,enoent}
2017-05-08 12:50:53.495 [error] <0.292.0>@z_filewatcher_sup:which_watcher:58 FILEWATCHER: please install fswatch or inotify-tools to automatically load changed files
2017-05-11 23:24:01.080 [error] <0.128.0> Unable to read boot script (start_sasl.script): {error,enoent}
2017-05-11 23:24:01.809 [error] <0.292.0>@z_filewatcher_sup:which_watcher:58 FILEWATCHER: please install fswatch or inotify-tools to automatically load changed files
2017-05-11 23:27:00.583 [error] <0.128.0> Unable to read boot script (start_sasl.script): {error,enoent}
2017-05-11 23:27:01.038 [error] <0.292.0>@z_filewatcher_sup:which_watcher:58 FILEWATCHER: please install fswatch or inotify-tools to automatically load changed files
2017-05-11 23:28:59.183 [error] <0.128.0> Unable to read boot script (start_sasl.script): {error,enoent}
2017-05-11 23:28:59.643 [error] <0.292.0>@z_filewatcher_sup:which_watcher:58 FILEWATCHER: please install fswatch or inotify-tools to automatically load changed files
2017-05-11 23:33:26.749 [error] <0.128.0> Unable to read boot script (start_sasl.script): {error,enoent}
2017-05-11 23:33:27.191 [error] <0.292.0>@z_filewatcher_sup:which_watcher:58 FILEWATCHER: please install fswatch or inotify-tools to automatically load changed files
2017-05-12 00:02:43.232 [error] <0.128.0> Unable to read boot script (start_sasl.script): {error,enoent}
2017-05-12 00:02:43.682 [error] <0.292.0>@z_filewatcher_sup:which_watcher:58 FILEWATCHER: please install fswatch or inotify-tools to automatically load changed files
2017-05-12 00:08:55.519 [error] <0.128.0> Unable to read boot script (start_sasl.script): {error,enoent}
2017-05-12 00:08:55.948 [error] <0.292.0>@z_filewatcher_sup:which_watcher:58 FILEWATCHER: please install fswatch or inotify-tools to automatically load changed files
2017-05-12 00:11:04.891 [error] <0.128.0> Unable to read boot script (start_sasl.script): {error,enoent}
2017-05-12 00:11:05.341 [error] <0.292.0>@z_filewatcher_sup:which_watcher:58 FILEWATCHER: please install fswatch or inotify-tools to automatically load changed files
2017-05-12 00:32:44.668 [error] <0.128.0> Unable to read boot script (start_sasl.script): {error,enoent}
2017-05-12 00:32:45.113 [error] <0.292.0>@z_filewatcher_sup:which_watcher:58 FILEWATCHER: please install fswatch or inotify-tools to automatically load changed files
2017-05-12 00:47:17.325 [error] <0.128.0> Unable to read boot script (start_sasl.script): {error,enoent}
2017-05-12 00:47:17.774 [error] <0.292.0>@z_filewatcher_sup:which_watcher:58 FILEWATCHER: please install fswatch or inotify-tools to automatically load changed files
2017-05-12 00:47:32.719 [error] <0.333.0>@controller_admin_edit:event:151 Rsc update error: error:{badmatch,undefined} stacktrace: [{m_edge,get_triple,2,[{file,"src/models/m_edge.erl"},{line,137}]},{m_rsc,update,3,[{file,"src/models/m_rsc.erl"},{line,375}]},{controller_admin_edit,event,2,[{file,"modules/mod_admin/controllers/controller_admin_edit.erl"},{line,101}]},{z_transport,incoming_with_session,2,[{file,"src/support/z_transport.erl"},{line,250}]},{z_transport,incoming_msgs,2,[{file,"src/support/z_transport.erl"},{line,193}]},{z_transport,incoming,2,[{file,"src/support/z_transport.erl"},{line,161}]},{controller_websocket,websocket_message,3,[{file,"modules/mod_base/controllers/controller_websocket.erl"},{line,108}]},{z_websocket,websocket_handle,3,[{file,"modules/mod_base/support/z_websocket.erl"},{line,54}]}]
2017-05-12 00:57:40.988 [error] <0.333.0>@controller_admin_edit:event:151 Rsc update error: error:{badmatch,undefined} stacktrace: [{m_edge,get_triple,2,[{file,"src/models/m_edge.erl"},{line,137}]},{m_rsc,update,3,[{file,"src/models/m_rsc.erl"},{line,375}]},{controller_admin_edit,event,2,[{file,"modules/mod_admin/controllers/controller_admin_edit.erl"},{line,101}]},{z_transport,incoming_with_session,2,[{file,"src/support/z_transport.erl"},{line,250}]},{z_transport,incoming_msgs,2,[{file,"src/support/z_transport.erl"},{line,193}]},{z_transport,incoming,2,[{file,"src/support/z_transport.erl"},{line,161}]},{controller_websocket,websocket_message,3,[{file,"modules/mod_base/controllers/controller_websocket.erl"},{line,108}]},{z_websocket,websocket_handle,3,[{file,"modules/mod_base/support/z_websocket.erl"},{line,54}]}]
2017-05-12 00:58:23.475 [error] <0.128.0> Unable to read boot script (start_sasl.script): {error,enoent}
2017-05-12 00:58:23.926 [error] <0.292.0>@z_filewatcher_sup:which_watcher:58 FILEWATCHER: please install fswatch or inotify-tools to automatically load changed files
2017-05-12 01:01:15.832 [error] <0.128.0> Unable to read boot script (start_sasl.script): {error,enoent}
2017-05-12 01:01:16.276 [error] <0.292.0>@z_filewatcher_sup:which_watcher:58 FILEWATCHER: please install fswatch or inotify-tools to automatically load changed files
2017-05-12 01:24:47.386 [error] <0.128.0> Unable to read boot script (start_sasl.script): {error,enoent}
2017-05-12 01:24:47.824 [error] <0.292.0>@z_filewatcher_sup:which_watcher:58 FILEWATCHER: please install fswatch or inotify-tools to automatically load changed files
2017-05-12 01:28:39.706 [error] <0.128.0> Unable to read boot script (start_sasl.script): {error,enoent}
2017-05-12 01:28:40.151 [error] <0.292.0>@z_filewatcher_sup:which_watcher:58 FILEWATCHER: please install fswatch or inotify-tools to automatically load changed files
2017-05-12 01:28:49.662 [error] <0.374.0> webmachine_mochiweb:119 stop_request 500 (reason {{badmatch,[{error,{error,{failed_connect,[{to_address,{"localhost",8888}},{inet,[inet],econnrefused}]}}}]},[{m_abs,m_find_value,3,[{file,"src/models/m_abs.erl"},{line,29}]},{template_volunteer__desktop_home_andri_skripsi_zotonic_user_sites_volunteer_templates_page_tpl,render2,2,[]},{template_volunteer__desktop_home_andri_skripsi_zotonic_user_sites_volunteer_templates_page_tpl,render,2,[]},{z_template,render1,5,[{file,"src/support/z_template.erl"},{line,115}]},{controller_page,html,1,[{file,"modules/mod_base/controllers/controller_page.erl"},{line,91}]},{controller_page,to_html,2,[{file,"include/controller_html_helper.hrl"},{line,48}]},{webmachine_controller,controller_call,3,[{file,"src/webmachine_controller.erl"},{line,206}]},{webmachine_decision_core,decision,3,[{file,"src/webmachine_decision_core.erl"},{line,578}]}]})
2017-05-12 01:31:19.403 [error] <0.128.0> Unable to read boot script (start_sasl.script): {error,enoent}
2017-05-12 01:31:19.857 [error] <0.292.0>@z_filewatcher_sup:which_watcher:58 FILEWATCHER: please install fswatch or inotify-tools to automatically load changed files
2017-05-12 01:31:28.036 [error] <0.361.0> webmachine_mochiweb:119 stop_request 500 (reason {{badmatch,[{error,{error,{failed_connect,[{to_address,{"localhost",8888}},{inet,[inet],econnrefused}]}}}]},[{m_abs,m_find_value,3,[{file,"src/models/m_abs.erl"},{line,29}]},{template_volunteer__desktop_home_andri_skripsi_zotonic_user_sites_volunteer_templates_page_tpl,render2,2,[]},{template_volunteer__desktop_home_andri_skripsi_zotonic_user_sites_volunteer_templates_page_tpl,render,2,[]},{z_template,render1,5,[{file,"src/support/z_template.erl"},{line,115}]},{controller_page,html,1,[{file,"modules/mod_base/controllers/controller_page.erl"},{line,91}]},{controller_page,to_html,2,[{file,"include/controller_html_helper.hrl"},{line,48}]},{webmachine_controller,controller_call,3,[{file,"src/webmachine_controller.erl"},{line,206}]},{webmachine_decision_core,decision,3,[{file,"src/webmachine_decision_core.erl"},{line,578}]}]})
2017-05-12 01:32:29.671 [error] <0.128.0> Unable to read boot script (start_sasl.script): {error,enoent}
2017-05-12 01:32:30.142 [error] <0.292.0>@z_filewatcher_sup:which_watcher:58 FILEWATCHER: please install fswatch or inotify-tools to automatically load changed files
2017-05-12 01:34:11.033 [error] <0.128.0> Unable to read boot script (start_sasl.script): {error,enoent}
2017-05-12 01:34:11.497 [error] <0.292.0>@z_filewatcher_sup:which_watcher:58 FILEWATCHER: please install fswatch or inotify-tools to automatically load changed files
2017-05-12 01:35:00.809 [error] <0.128.0> Unable to read boot script (start_sasl.script): {error,enoent}
2017-05-12 01:35:01.264 [error] <0.292.0>@z_filewatcher_sup:which_watcher:58 FILEWATCHER: please install fswatch or inotify-tools to automatically load changed files
2017-05-12 01:35:50.582 [error] <0.128.0> Unable to read boot script (start_sasl.script): {error,enoent}
2017-05-12 01:35:51.055 [error] <0.292.0>@z_filewatcher_sup:which_watcher:58 FILEWATCHER: please install fswatch or inotify-tools to automatically load changed files
2017-05-12 01:43:26.781 [error] <0.128.0> Unable to read boot script (start_sasl.script): {error,enoent}
2017-05-12 01:43:27.246 [error] <0.292.0>@z_filewatcher_sup:which_watcher:58 FILEWATCHER: please install fswatch or inotify-tools to automatically load changed files
2017-05-12 02:02:48.778 [error] <0.128.0> Unable to read boot script (start_sasl.script): {error,enoent}
2017-05-12 02:02:49.239 [error] <0.292.0>@z_filewatcher_sup:which_watcher:58 FILEWATCHER: please install fswatch or inotify-tools to automatically load changed files
2017-05-12 02:06:01.386 [error] <0.128.0> Unable to read boot script (start_sasl.script): {error,enoent}
2017-05-12 02:06:01.855 [error] <0.292.0>@z_filewatcher_sup:which_watcher:58 FILEWATCHER: please install fswatch or inotify-tools to automatically load changed files
2017-05-12 02:07:48.965 [error] <0.128.0> Unable to read boot script (start_sasl.script): {error,enoent}
2017-05-12 02:07:49.443 [error] <0.292.0>@z_filewatcher_sup:which_watcher:58 FILEWATCHER: please install fswatch or inotify-tools to automatically load changed files
2017-05-12 02:18:32.615 [error] <0.128.0> Unable to read boot script (start_sasl.script): {error,enoent}
2017-05-12 02:18:33.077 [error] <0.292.0>@z_filewatcher_sup:which_watcher:58 FILEWATCHER: please install fswatch or inotify-tools to automatically load changed files
2017-05-12 02:18:51.558 [error] <0.128.0> Unable to read boot script (start_sasl.script): {error,enoent}
2017-05-12 02:18:52.028 [error] <0.292.0>@z_filewatcher_sup:which_watcher:58 FILEWATCHER: please install fswatch or inotify-tools to automatically load changed files
2017-05-12 02:22:21.658 [error] <0.128.0> Unable to read boot script (start_sasl.script): {error,enoent}
2017-05-12 02:22:22.115 [error] <0.292.0>@z_filewatcher_sup:which_watcher:58 FILEWATCHER: please install fswatch or inotify-tools to automatically load changed files
